<?xml version="1.0" encoding="UTF-8"?>
<testsuite name="com.dragonboatrace.AssetTest" tests="51" skipped="0" failures="0" errors="0" timestamp="2021-01-29T16:16:25" hostname="w540" time="0.826">
  <properties/>
  <testcase name="agileButtonInactiveExists" classname="com.dragonboatrace.AssetTest" time="0.002"/>
  <testcase name="enduranceButtonActiveExists" classname="com.dragonboatrace.AssetTest" time="0.0"/>
  <testcase name="fastButtonInactiveExists" classname="com.dragonboatrace.AssetTest" time="0.0"/>
  <testcase name="finishExists" classname="com.dragonboatrace.AssetTest" time="0.001"/>
  <testcase name="nightmareExists" classname="com.dragonboatrace.AssetTest" time="0.0"/>
  <testcase name="fastExists" classname="com.dragonboatrace.AssetTest" time="0.0"/>
  <testcase name="strongButtonActiveExists" classname="com.dragonboatrace.AssetTest" time="0.0"/>
  <testcase name="branchExists" classname="com.dragonboatrace.AssetTest" time="0.001"/>
  <testcase name="agileExists" classname="com.dragonboatrace.AssetTest" time="0.0"/>
  <testcase name="easyExists" classname="com.dragonboatrace.AssetTest" time="0.001"/>
  <testcase name="backButtonInactiveExists" classname="com.dragonboatrace.AssetTest" time="0.0"/>
  <testcase name="agilityPowerUpExists" classname="com.dragonboatrace.AssetTest" time="0.001"/>
  <testcase name="dragonExists" classname="com.dragonboatrace.AssetTest" time="0.0"/>
  <testcase name="fastButtonActiveExists" classname="com.dragonboatrace.AssetTest" time="0.001"/>
  <testcase name="helpButtonInactiveExists" classname="com.dragonboatrace.AssetTest" time="0.0"/>
  <testcase name="easyButtonInactiveExists" classname="com.dragonboatrace.AssetTest" time="0.0"/>
  <testcase name="hardExists" classname="com.dragonboatrace.AssetTest" time="0.0"/>
  <testcase name="rockExists" classname="com.dragonboatrace.AssetTest" time="0.0"/>
  <testcase name="lineExists" classname="com.dragonboatrace.AssetTest" time="0.0"/>
  <testcase name="strongButtonInactiveExists" classname="com.dragonboatrace.AssetTest" time="0.001"/>
  <testcase name="speedPowerUpExists" classname="com.dragonboatrace.AssetTest" time="0.0"/>
  <testcase name="healthPowerUpExists" classname="com.dragonboatrace.AssetTest" time="0.0"/>
  <testcase name="normalExists" classname="com.dragonboatrace.AssetTest" time="0.0"/>
  <testcase name="downArrowExists" classname="com.dragonboatrace.AssetTest" time="0.0"/>
  <testcase name="exitButtonInactiveExists" classname="com.dragonboatrace.AssetTest" time="0.0"/>
  <testcase name="backButtonActiveExists" classname="com.dragonboatrace.AssetTest" time="0.001"/>
  <testcase name="nightmareButtonActiveExists" classname="com.dragonboatrace.AssetTest" time="0.0"/>
  <testcase name="hardButtonActiveExists" classname="com.dragonboatrace.AssetTest" time="0.001"/>
  <testcase name="normalButtonInactiveExists" classname="com.dragonboatrace.AssetTest" time="0.001"/>
  <testcase name="upArrowExists" classname="com.dragonboatrace.AssetTest" time="0.0"/>
  <testcase name="enduranceButtonInactiveExists" classname="com.dragonboatrace.AssetTest" time="0.0"/>
  <testcase name="settingsButtonActiveExists" classname="com.dragonboatrace.AssetTest" time="0.001"/>
  <testcase name="hardButtonInactiveExists" classname="com.dragonboatrace.AssetTest" time="0.0"/>
  <testcase name="helpScreenInfoExists" classname="com.dragonboatrace.AssetTest" time="0.0"/>
  <testcase name="loadButtonInactiveExists" classname="com.dragonboatrace.AssetTest" time="0.001"/>
  <testcase name="allPowerUpExists" classname="com.dragonboatrace.AssetTest" time="0.0"/>
  <testcase name="easyButtonActiveExists" classname="com.dragonboatrace.AssetTest" time="0.001"/>
  <testcase name="enduranceExists" classname="com.dragonboatrace.AssetTest" time="0.0"/>
  <testcase name="backgroundExists" classname="com.dragonboatrace.AssetTest" time="0.0"/>
  <testcase name="playButtonActiveExists" classname="com.dragonboatrace.AssetTest" time="0.0"/>
  <testcase name="exitButtonActiveExists" classname="com.dragonboatrace.AssetTest" time="0.0"/>
  <testcase name="playButtonInactiveExists" classname="com.dragonboatrace.AssetTest" time="0.0"/>
  <testcase name="staminaPowerUpExists" classname="com.dragonboatrace.AssetTest" time="0.0"/>
  <testcase name="strongExists" classname="com.dragonboatrace.AssetTest" time="0.001"/>
  <testcase name="nightmareButtonInactiveExists" classname="com.dragonboatrace.AssetTest" time="0.0"/>
  <testcase name="normalButtonActiveExists" classname="com.dragonboatrace.AssetTest" time="0.0"/>
  <testcase name="agileButtonActiveExists" classname="com.dragonboatrace.AssetTest" time="0.0"/>
  <testcase name="settingsButtonInactiveExists" classname="com.dragonboatrace.AssetTest" time="0.0"/>
  <testcase name="leafExists" classname="com.dragonboatrace.AssetTest" time="0.0"/>
  <testcase name="helpButtonActiveExists" classname="com.dragonboatrace.AssetTest" time="0.001"/>
  <testcase name="loadButtonActiveExists" classname="com.dragonboatrace.AssetTest" time="0.0"/>
  <system-out><![CDATA[]]></system-out>
  <system-err><![CDATA[]]></system-err>
</testsuite>
