<?xml version="1.0" encoding="UTF-8"?>
<testsuite name="com.dragonboatrace.DragonBoatRaceTest" tests="1" skipped="0" failures="0" errors="0" timestamp="2021-01-29T16:16:25" hostname="w540" time="0.0">
  <properties/>
  <testcase name="testTesting" classname="com.dragonboatrace.DragonBoatRaceTest" time="0.0"/>
  <system-out><![CDATA[]]></system-out>
  <system-err><![CDATA[]]></system-err>
</testsuite>
