<?xml version="1.0" encoding="UTF-8"?>
<testsuite name="com.dragonboatrace.screens.RoundsScreenTest" tests="1" skipped="0" failures="0" errors="0" timestamp="2021-01-29T16:16:26" hostname="w540" time="0.025">
  <properties/>
  <testcase name="saveToFile" classname="com.dragonboatrace.screens.RoundsScreenTest" time="0.025"/>
  <system-out><![CDATA[]]></system-out>
  <system-err><![CDATA[]]></system-err>
</testsuite>
