<?xml version="1.0" encoding="UTF-8"?>
<testsuite name="com.dragonboatrace.tools.HitboxTest" tests="7" skipped="0" failures="0" errors="0" timestamp="2021-01-29T16:16:25" hostname="w540" time="0.004">
  <properties/>
  <testcase name="leaves" classname="com.dragonboatrace.tools.HitboxTest" time="0.002"/>
  <testcase name="getX" classname="com.dragonboatrace.tools.HitboxTest" time="0.0"/>
  <testcase name="getY" classname="com.dragonboatrace.tools.HitboxTest" time="0.001"/>
  <testcase name="move" classname="com.dragonboatrace.tools.HitboxTest" time="0.0"/>
  <testcase name="getHeight" classname="com.dragonboatrace.tools.HitboxTest" time="0.0"/>
  <testcase name="collidesWith" classname="com.dragonboatrace.tools.HitboxTest" time="0.0"/>
  <testcase name="getWidth" classname="com.dragonboatrace.tools.HitboxTest" time="0.0"/>
  <system-out><![CDATA[]]></system-out>
  <system-err><![CDATA[]]></system-err>
</testsuite>
